<?xml version="1.0" encoding="UTF-8"?>
<!-- Generated by org.testng.reporters.JUnitXMLReporter -->
<testsuite ignored="3" hostname="HBL-AMAR" failures="0" tests="1" name="Test" time="51.658" errors="0" timestamp="2023-07-25T12:12:41 IST">
  <testcase classname="app.FunctionalityTestCases.Verify_From_Filling_Of_APP" name="appFromFilling" time="8.506"/>
  <testcase classname="app.FunctionalityTestCases.VerifyAddProductToCart" name="verifyAddProductToCart" time="0.0">
    <ignored/>
  </testcase> <!-- verifyAddProductToCart -->
  <testcase classname="app.FunctionalityTestCases.formFillingWithJSONDataProvider" name="appFromFilling" time="0.0">
    <ignored/>
  </testcase> <!-- appFromFilling -->
  <testcase classname="app.FunctionalityTestCases.VerifyProductPriceSum_PurchasePrice" name="compareProductPrices" time="0.0">
    <ignored/>
  </testcase> <!-- compareProductPrices -->
</testsuite> <!-- Test -->
