<?xml version="1.0" encoding="UTF-8"?>
<testng-results ignored="3" total="4" passed="1" failed="0" skipped="0">
  <reporter-output>
  </reporter-output>
  <suite started-at="2023-07-25T12:11:50 IST" name="Suite" finished-at="2023-07-25T12:12:41 IST" duration-ms="51658">
    <groups>
      <group name="Smoke">
        <method signature="Verify_From_Filling_Of_APP.appFromFilling(java.lang.String,java.lang.String,java.lang.String)[pri:0, instance:app.FunctionalityTestCases.Verify_From_Filling_Of_APP@1b955cac]" name="appFromFilling" class="app.FunctionalityTestCases.Verify_From_Filling_Of_APP"/>
      </group> <!-- Smoke -->
    </groups>
    <test started-at="2023-07-25T12:11:50 IST" name="Test" finished-at="2023-07-25T12:12:41 IST" duration-ms="51658">
      <class name="app.FunctionalityTestCases.Verify_From_Filling_Of_APP">
        <test-method is-config="true" signature="appiumBasicConfiguration()[pri:0, instance:app.FunctionalityTestCases.Verify_From_Filling_Of_APP@1b955cac]" started-at="2023-07-25T12:11:50 IST" name="appiumBasicConfiguration" finished-at="2023-07-25T12:12:33 IST" duration-ms="43107" status="PASS">
          <reporter-output>
          </reporter-output>
        </test-method> <!-- appiumBasicConfiguration -->
        <test-method signature="appFromFilling(java.lang.String,java.lang.String,java.lang.String)[pri:0, instance:app.FunctionalityTestCases.Verify_From_Filling_Of_APP@1b955cac]" started-at="2023-07-25T12:12:33 IST" name="appFromFilling" data-provider="getData" finished-at="2023-07-25T12:12:41 IST" duration-ms="8506" status="PASS">
          <params>
            <param index="0">
              <value>
                <![CDATA[General App]]>
              </value>
            </param>
            <param index="1">
              <value>
                <![CDATA[female]]>
              </value>
            </param>
            <param index="2">
              <value>
                <![CDATA[Argentina]]>
              </value>
            </param>
          </params>
          <reporter-output>
          </reporter-output>
        </test-method> <!-- appFromFilling -->
        <test-method is-config="true" signature="tearDown()[pri:0, instance:app.FunctionalityTestCases.Verify_From_Filling_Of_APP@1b955cac]" started-at="2023-07-25T12:12:41 IST" name="tearDown" finished-at="2023-07-25T12:12:41 IST" duration-ms="0" status="PASS">
          <reporter-output>
          </reporter-output>
        </test-method> <!-- tearDown -->
      </class> <!-- app.FunctionalityTestCases.Verify_From_Filling_Of_APP -->
    </test> <!-- Test -->
  </suite> <!-- Suite -->
</testng-results>
